<?xml version="1.0" encoding="UTF-8"?>
<!-- Generated by org.testng.reporters.JUnitReportReporter -->
<testsuite hostname="SASHA" failures="0" tests="3" name="tests.CustomerSupportTest" time="4.211" errors="0" timestamp="2025-07-06T15:34:58 IST" skipped="0">
  <testcase classname="tests.CustomerSupportTest" name="testSubmitFormWithEmptyFields" time="1.460"/>
  <testcase classname="tests.CustomerSupportTest" name="testVerifySuccessMessage" time="1.250"/>
  <testcase classname="tests.CustomerSupportTest" name="testSubmitFormWithValidDetails" time="1.501"/>
</testsuite> <!-- tests.CustomerSupportTest -->
