<?xml version="1.0" encoding="UTF-8"?>
<!-- Generated by org.testng.reporters.JUnitReportReporter -->
<testsuite hostname="SASHA" failures="0" tests="3" name="tests.CustomerSupportTest" time="4.621" errors="0" timestamp="2025-07-10T15:04:21 IST" skipped="0">
  <testcase classname="tests.CustomerSupportTest" name="testVerifySuccessMessage" time="1.542"/>
  <testcase classname="tests.CustomerSupportTest" name="testSubmitFormWithValidDetails" time="1.608"/>
  <testcase classname="tests.CustomerSupportTest" name="testSubmitFormWithEmptyFields" time="1.471"/>
</testsuite> <!-- tests.CustomerSupportTest -->
