<?xml version="1.0" encoding="UTF-8"?>
<!-- Generated by org.testng.reporters.JUnitReportReporter -->
<testsuite hostname="SASHA" failures="0" tests="3" name="tests.CustomerSupportTest" time="0.002" errors="0" timestamp="2025-07-09T20:29:05 IST" skipped="3">
  <testcase classname="tests.CustomerSupportTest" name="testSubmitFormWithValidDetails" time="0.001">
    <skipped/>
  </testcase> <!-- testSubmitFormWithValidDetails -->
  <testcase classname="tests.CustomerSupportTest" name="testVerifySuccessMessage" time="0.001">
    <skipped/>
  </testcase> <!-- testVerifySuccessMessage -->
  <testcase classname="tests.CustomerSupportTest" name="testSubmitFormWithEmptyFields" time="0.000">
    <skipped/>
  </testcase> <!-- testSubmitFormWithEmptyFields -->
</testsuite> <!-- tests.CustomerSupportTest -->
