<?xml version="1.0" encoding="UTF-8"?>
<!-- Generated by org.testng.reporters.JUnitReportReporter -->
<testsuite hostname="SASHA" failures="0" tests="3" name="tests.RequestLoanTest" time="0.002" errors="0" timestamp="2025-07-09T20:29:05 IST" skipped="3">
  <testcase classname="tests.RequestLoanTest" name="testLoanExceedingLimit" time="0.001">
    <skipped/>
  </testcase> <!-- testLoanExceedingLimit -->
  <testcase classname="tests.RequestLoanTest" name="testMissingLoanDetails" time="0.001">
    <skipped/>
  </testcase> <!-- testMissingLoanDetails -->
  <testcase classname="tests.RequestLoanTest" name="testValidLoanRequest" time="0.000">
    <skipped/>
  </testcase> <!-- testValidLoanRequest -->
</testsuite> <!-- tests.RequestLoanTest -->
