<?xml version="1.0" encoding="UTF-8"?>
<!-- Generated by org.testng.reporters.JUnitReportReporter -->
<testsuite hostname="SASHA" failures="0" tests="2" name="tests.AccountTest" time="0.000" errors="0" timestamp="2025-07-09T20:29:05 IST" skipped="2">
  <testcase classname="tests.AccountTest" name="viewCheckingAccountSummary" time="0.000">
    <skipped/>
  </testcase> <!-- viewCheckingAccountSummary -->
  <testcase classname="tests.AccountTest" name="viewSavingsAccountSummary" time="0.000">
    <skipped/>
  </testcase> <!-- viewSavingsAccountSummary -->
</testsuite> <!-- tests.AccountTest -->
