<?xml version="1.0" encoding="UTF-8"?>
<!-- Generated by org.testng.reporters.JUnitReportReporter -->
<testsuite hostname="SASHA" failures="0" tests="3" name="tests.RequestLoanTest" time="2.948" errors="0" timestamp="2025-07-10T15:04:21 IST" skipped="0">
  <testcase classname="tests.RequestLoanTest" name="testLoanExceedingLimit" time="1.056"/>
  <testcase classname="tests.RequestLoanTest" name="testMissingLoanDetails" time="0.835"/>
  <testcase classname="tests.RequestLoanTest" name="testValidLoanRequest" time="1.057"/>
</testsuite> <!-- tests.RequestLoanTest -->
