<?xml version="1.0" encoding="UTF-8"?>
<!-- Generated by org.testng.reporters.JUnitReportReporter -->
<testsuite hostname="SASHA" failures="0" tests="3" name="tests.RequestLoanTest" time="3.731" errors="0" timestamp="2025-07-06T15:34:58 IST" skipped="0">
  <testcase classname="tests.RequestLoanTest" name="testLoanExceedingLimit" time="1.604"/>
  <testcase classname="tests.RequestLoanTest" name="testValidLoanRequest" time="1.319"/>
  <testcase classname="tests.RequestLoanTest" name="testMissingLoanDetails" time="0.808"/>
</testsuite> <!-- tests.RequestLoanTest -->
