<?xml version="1.0" encoding="UTF-8"?>
<!-- Generated by org.testng.reporters.JUnitReportReporter -->
<testsuite hostname="SASHA" failures="0" tests="2" name="tests.FundsTransferTest" time="3.197" errors="0" timestamp="2025-07-10T15:04:21 IST" skipped="0">
  <testcase classname="tests.FundsTransferTest" name="testInvalidFundTransfer" time="1.780"/>
  <testcase classname="tests.FundsTransferTest" name="testValidFundTransfer" time="1.417"/>
</testsuite> <!-- tests.FundsTransferTest -->
