<?xml version="1.0" encoding="UTF-8"?>
<!-- Generated by org.testng.reporters.JUnitReportReporter -->
<testsuite hostname="SASHA" failures="0" tests="2" name="tests.FundsTransferTest" time="0.001" errors="0" timestamp="2025-07-09T20:29:05 IST" skipped="2">
  <testcase classname="tests.FundsTransferTest" name="testInvalidFundTransfer" time="0.001">
    <skipped/>
  </testcase> <!-- testInvalidFundTransfer -->
  <testcase classname="tests.FundsTransferTest" name="testValidFundTransfer" time="0.000">
    <skipped/>
  </testcase> <!-- testValidFundTransfer -->
</testsuite> <!-- tests.FundsTransferTest -->
