<?xml version="1.0" encoding="UTF-8"?>
<!-- Generated by org.testng.reporters.JUnitReportReporter -->
<testsuite hostname="SASHA" failures="0" tests="4" name="tests.TransactionSearchTest" time="0.002" errors="0" timestamp="2025-07-09T20:29:05 IST" skipped="4">
  <testcase classname="tests.TransactionSearchTest" name="testSearchByDateRange" time="0.001">
    <skipped/>
  </testcase> <!-- testSearchByDateRange -->
  <testcase classname="tests.TransactionSearchTest" name="testSearchByDate" time="0.000">
    <skipped/>
  </testcase> <!-- testSearchByDate -->
  <testcase classname="tests.TransactionSearchTest" name="testSearchByTransactionId" time="0.001">
    <skipped/>
  </testcase> <!-- testSearchByTransactionId -->
  <testcase classname="tests.TransactionSearchTest" name="testSearchByAmount" time="0.000">
    <skipped/>
  </testcase> <!-- testSearchByAmount -->
</testsuite> <!-- tests.TransactionSearchTest -->
